2025-03-17 15:36:42,945 [Worker-3: Loading available Gradle versions] INFO  o.e.b.c.i.u.g.PublishedGradleVersions - Gradle version information cache is not available. Remote download required.
2025-03-17 15:40:13,368 [Worker-5: Launching mavenrun-2e777633-15d5-45cc-a2cc-c5cdcc3a26b3] INFO  o.eclipse.m2e.core.internal.Bundles - getClasspathEntries(Bundle=org.eclipse.m2e.maven.runtime_3.9.900.20250220-2013 [361])
2025-03-17 15:40:13,372 [Worker-5: Launching mavenrun-2e777633-15d5-45cc-a2cc-c5cdcc3a26b3] INFO  o.eclipse.m2e.core.internal.Bundles - 	Entry: C:\Users\tanda\Downloads\sts\sts-4.29.0.RELEASE\plugins\org.eclipse.m2e.maven.runtime_3.9.900.20250220-2013
2025-03-17 15:40:13,372 [Worker-5: Launching mavenrun-2e777633-15d5-45cc-a2cc-c5cdcc3a26b3] INFO  o.eclipse.m2e.core.internal.Bundles - 	Entry: C:\Users\tanda\Downloads\sts\sts-4.29.0.RELEASE\plugins\org.eclipse.m2e.maven.runtime_3.9.900.20250220-2013\jars\aopalliance-1.0.jar
2025-03-17 15:40:13,373 [Worker-5: Launching mavenrun-2e777633-15d5-45cc-a2cc-c5cdcc3a26b3] INFO  o.eclipse.m2e.core.internal.Bundles - 	Entry: C:\Users\tanda\Downloads\sts\sts-4.29.0.RELEASE\plugins\org.eclipse.m2e.maven.runtime_3.9.900.20250220-2013\jars\guice-5.1.0.jar
2025-03-17 15:40:13,373 [Worker-5: Launching mavenrun-2e777633-15d5-45cc-a2cc-c5cdcc3a26b3] INFO  o.eclipse.m2e.core.internal.Bundles - 	Entry: C:\Users\tanda\Downloads\sts\sts-4.29.0.RELEASE\plugins\org.eclipse.m2e.maven.runtime_3.9.900.20250220-2013\jars\httpclient-4.5.14.jar
2025-03-17 15:40:13,373 [Worker-5: Launching mavenrun-2e777633-15d5-45cc-a2cc-c5cdcc3a26b3] INFO  o.eclipse.m2e.core.internal.Bundles - 	Entry: C:\Users\tanda\Downloads\sts\sts-4.29.0.RELEASE\plugins\org.eclipse.m2e.maven.runtime_3.9.900.20250220-2013\jars\httpcore-4.4.16.jar
2025-03-17 15:40:13,373 [Worker-5: Launching mavenrun-2e777633-15d5-45cc-a2cc-c5cdcc3a26b3] INFO  o.eclipse.m2e.core.internal.Bundles - 	Entry: C:\Users\tanda\Downloads\sts\sts-4.29.0.RELEASE\plugins\org.eclipse.m2e.maven.runtime_3.9.900.20250220-2013\jars\jansi-2.4.1.jar
2025-03-17 15:40:13,374 [Worker-5: Launching mavenrun-2e777633-15d5-45cc-a2cc-c5cdcc3a26b3] INFO  o.eclipse.m2e.core.internal.Bundles - 	Entry: C:\Users\tanda\Downloads\sts\sts-4.29.0.RELEASE\plugins\org.eclipse.m2e.maven.runtime_3.9.900.20250220-2013\jars\jcl-over-slf4j-1.7.36.jar
2025-03-17 15:40:13,374 [Worker-5: Launching mavenrun-2e777633-15d5-45cc-a2cc-c5cdcc3a26b3] INFO  o.eclipse.m2e.core.internal.Bundles - 	Entry: C:\Users\tanda\Downloads\sts\sts-4.29.0.RELEASE\plugins\org.eclipse.m2e.maven.runtime_3.9.900.20250220-2013\jars\maven-artifact-3.9.9.jar
2025-03-17 15:40:13,374 [Worker-5: Launching mavenrun-2e777633-15d5-45cc-a2cc-c5cdcc3a26b3] INFO  o.eclipse.m2e.core.internal.Bundles - 	Entry: C:\Users\tanda\Downloads\sts\sts-4.29.0.RELEASE\plugins\org.eclipse.m2e.maven.runtime_3.9.900.20250220-2013\jars\maven-builder-support-3.9.9.jar
2025-03-17 15:40:13,374 [Worker-5: Launching mavenrun-2e777633-15d5-45cc-a2cc-c5cdcc3a26b3] INFO  o.eclipse.m2e.core.internal.Bundles - 	Entry: C:\Users\tanda\Downloads\sts\sts-4.29.0.RELEASE\plugins\org.eclipse.m2e.maven.runtime_3.9.900.20250220-2013\jars\maven-compat-3.9.9.jar
2025-03-17 15:40:13,374 [Worker-5: Launching mavenrun-2e777633-15d5-45cc-a2cc-c5cdcc3a26b3] INFO  o.eclipse.m2e.core.internal.Bundles - 	Entry: C:\Users\tanda\Downloads\sts\sts-4.29.0.RELEASE\plugins\org.eclipse.m2e.maven.runtime_3.9.900.20250220-2013\jars\maven-core-3.9.9.jar
2025-03-17 15:40:13,374 [Worker-5: Launching mavenrun-2e777633-15d5-45cc-a2cc-c5cdcc3a26b3] INFO  o.eclipse.m2e.core.internal.Bundles - 	Entry: C:\Users\tanda\Downloads\sts\sts-4.29.0.RELEASE\plugins\org.eclipse.m2e.maven.runtime_3.9.900.20250220-2013\jars\maven-embedder-3.9.9.jar
2025-03-17 15:40:13,374 [Worker-5: Launching mavenrun-2e777633-15d5-45cc-a2cc-c5cdcc3a26b3] INFO  o.eclipse.m2e.core.internal.Bundles - 	Entry: C:\Users\tanda\Downloads\sts\sts-4.29.0.RELEASE\plugins\org.eclipse.m2e.maven.runtime_3.9.900.20250220-2013\jars\maven-model-3.9.9.jar
2025-03-17 15:40:13,375 [Worker-5: Launching mavenrun-2e777633-15d5-45cc-a2cc-c5cdcc3a26b3] INFO  o.eclipse.m2e.core.internal.Bundles - 	Entry: C:\Users\tanda\Downloads\sts\sts-4.29.0.RELEASE\plugins\org.eclipse.m2e.maven.runtime_3.9.900.20250220-2013\jars\maven-model-builder-3.9.9.jar
2025-03-17 15:40:13,375 [Worker-5: Launching mavenrun-2e777633-15d5-45cc-a2cc-c5cdcc3a26b3] INFO  o.eclipse.m2e.core.internal.Bundles - 	Entry: C:\Users\tanda\Downloads\sts\sts-4.29.0.RELEASE\plugins\org.eclipse.m2e.maven.runtime_3.9.900.20250220-2013\jars\maven-plugin-api-3.9.9.jar
2025-03-17 15:40:13,375 [Worker-5: Launching mavenrun-2e777633-15d5-45cc-a2cc-c5cdcc3a26b3] INFO  o.eclipse.m2e.core.internal.Bundles - 	Entry: C:\Users\tanda\Downloads\sts\sts-4.29.0.RELEASE\plugins\org.eclipse.m2e.maven.runtime_3.9.900.20250220-2013\jars\maven-repository-metadata-3.9.9.jar
2025-03-17 15:40:13,375 [Worker-5: Launching mavenrun-2e777633-15d5-45cc-a2cc-c5cdcc3a26b3] INFO  o.eclipse.m2e.core.internal.Bundles - 	Entry: C:\Users\tanda\Downloads\sts\sts-4.29.0.RELEASE\plugins\org.eclipse.m2e.maven.runtime_3.9.900.20250220-2013\jars\maven-resolver-api-1.9.22.jar
2025-03-17 15:40:13,375 [Worker-5: Launching mavenrun-2e777633-15d5-45cc-a2cc-c5cdcc3a26b3] INFO  o.eclipse.m2e.core.internal.Bundles - 	Entry: C:\Users\tanda\Downloads\sts\sts-4.29.0.RELEASE\plugins\org.eclipse.m2e.maven.runtime_3.9.900.20250220-2013\jars\maven-resolver-connector-basic-1.9.22.jar
2025-03-17 15:40:13,376 [Worker-5: Launching mavenrun-2e777633-15d5-45cc-a2cc-c5cdcc3a26b3] INFO  o.eclipse.m2e.core.internal.Bundles - 	Entry: C:\Users\tanda\Downloads\sts\sts-4.29.0.RELEASE\plugins\org.eclipse.m2e.maven.runtime_3.9.900.20250220-2013\jars\maven-resolver-impl-1.9.22.jar
2025-03-17 15:40:13,376 [Worker-5: Launching mavenrun-2e777633-15d5-45cc-a2cc-c5cdcc3a26b3] INFO  o.eclipse.m2e.core.internal.Bundles - 	Entry: C:\Users\tanda\Downloads\sts\sts-4.29.0.RELEASE\plugins\org.eclipse.m2e.maven.runtime_3.9.900.20250220-2013\jars\maven-resolver-named-locks-1.9.22.jar
2025-03-17 15:40:13,376 [Worker-5: Launching mavenrun-2e777633-15d5-45cc-a2cc-c5cdcc3a26b3] INFO  o.eclipse.m2e.core.internal.Bundles - 	Entry: C:\Users\tanda\Downloads\sts\sts-4.29.0.RELEASE\plugins\org.eclipse.m2e.maven.runtime_3.9.900.20250220-2013\jars\maven-resolver-provider-3.9.9.jar
2025-03-17 15:40:13,376 [Worker-5: Launching mavenrun-2e777633-15d5-45cc-a2cc-c5cdcc3a26b3] INFO  o.eclipse.m2e.core.internal.Bundles - 	Entry: C:\Users\tanda\Downloads\sts\sts-4.29.0.RELEASE\plugins\org.eclipse.m2e.maven.runtime_3.9.900.20250220-2013\jars\maven-resolver-spi-1.9.22.jar
2025-03-17 15:40:13,376 [Worker-5: Launching mavenrun-2e777633-15d5-45cc-a2cc-c5cdcc3a26b3] INFO  o.eclipse.m2e.core.internal.Bundles - 	Entry: C:\Users\tanda\Downloads\sts\sts-4.29.0.RELEASE\plugins\org.eclipse.m2e.maven.runtime_3.9.900.20250220-2013\jars\maven-resolver-transport-file-1.9.22.jar
2025-03-17 15:40:13,376 [Worker-5: Launching mavenrun-2e777633-15d5-45cc-a2cc-c5cdcc3a26b3] INFO  o.eclipse.m2e.core.internal.Bundles - 	Entry: C:\Users\tanda\Downloads\sts\sts-4.29.0.RELEASE\plugins\org.eclipse.m2e.maven.runtime_3.9.900.20250220-2013\jars\maven-resolver-transport-http-1.9.22.jar
2025-03-17 15:40:13,376 [Worker-5: Launching mavenrun-2e777633-15d5-45cc-a2cc-c5cdcc3a26b3] INFO  o.eclipse.m2e.core.internal.Bundles - 	Entry: C:\Users\tanda\Downloads\sts\sts-4.29.0.RELEASE\plugins\org.eclipse.m2e.maven.runtime_3.9.900.20250220-2013\jars\maven-resolver-transport-wagon-1.9.22.jar
2025-03-17 15:40:13,376 [Worker-5: Launching mavenrun-2e777633-15d5-45cc-a2cc-c5cdcc3a26b3] INFO  o.eclipse.m2e.core.internal.Bundles - 	Entry: C:\Users\tanda\Downloads\sts\sts-4.29.0.RELEASE\plugins\org.eclipse.m2e.maven.runtime_3.9.900.20250220-2013\jars\maven-resolver-util-1.9.22.jar
2025-03-17 15:40:13,376 [Worker-5: Launching mavenrun-2e777633-15d5-45cc-a2cc-c5cdcc3a26b3] INFO  o.eclipse.m2e.core.internal.Bundles - 	Entry: C:\Users\tanda\Downloads\sts\sts-4.29.0.RELEASE\plugins\org.eclipse.m2e.maven.runtime_3.9.900.20250220-2013\jars\maven-settings-3.9.9.jar
2025-03-17 15:40:13,376 [Worker-5: Launching mavenrun-2e777633-15d5-45cc-a2cc-c5cdcc3a26b3] INFO  o.eclipse.m2e.core.internal.Bundles - 	Entry: C:\Users\tanda\Downloads\sts\sts-4.29.0.RELEASE\plugins\org.eclipse.m2e.maven.runtime_3.9.900.20250220-2013\jars\maven-settings-builder-3.9.9.jar
2025-03-17 15:40:13,377 [Worker-5: Launching mavenrun-2e777633-15d5-45cc-a2cc-c5cdcc3a26b3] INFO  o.eclipse.m2e.core.internal.Bundles - 	Entry: C:\Users\tanda\Downloads\sts\sts-4.29.0.RELEASE\plugins\org.eclipse.m2e.maven.runtime_3.9.900.20250220-2013\jars\maven-shared-utils-3.4.2.jar
2025-03-17 15:40:13,377 [Worker-5: Launching mavenrun-2e777633-15d5-45cc-a2cc-c5cdcc3a26b3] INFO  o.eclipse.m2e.core.internal.Bundles - 	Entry: C:\Users\tanda\Downloads\sts\sts-4.29.0.RELEASE\plugins\org.eclipse.m2e.maven.runtime_3.9.900.20250220-2013\jars\org.eclipse.sisu.inject-0.9.0.M3.jar
2025-03-17 15:40:13,377 [Worker-5: Launching mavenrun-2e777633-15d5-45cc-a2cc-c5cdcc3a26b3] INFO  o.eclipse.m2e.core.internal.Bundles - 	Entry: C:\Users\tanda\Downloads\sts\sts-4.29.0.RELEASE\plugins\org.eclipse.m2e.maven.runtime_3.9.900.20250220-2013\jars\org.eclipse.sisu.plexus-0.9.0.M3.jar
2025-03-17 15:40:13,377 [Worker-5: Launching mavenrun-2e777633-15d5-45cc-a2cc-c5cdcc3a26b3] INFO  o.eclipse.m2e.core.internal.Bundles - 	Entry: C:\Users\tanda\Downloads\sts\sts-4.29.0.RELEASE\plugins\org.eclipse.m2e.maven.runtime_3.9.900.20250220-2013\jars\plexus-build-api-0.0.7.jar
2025-03-17 15:40:13,377 [Worker-5: Launching mavenrun-2e777633-15d5-45cc-a2cc-c5cdcc3a26b3] INFO  o.eclipse.m2e.core.internal.Bundles - 	Entry: C:\Users\tanda\Downloads\sts\sts-4.29.0.RELEASE\plugins\org.eclipse.m2e.maven.runtime_3.9.900.20250220-2013\jars\plexus-build-api-1.2.0.jar
2025-03-17 15:40:13,377 [Worker-5: Launching mavenrun-2e777633-15d5-45cc-a2cc-c5cdcc3a26b3] INFO  o.eclipse.m2e.core.internal.Bundles - 	Entry: C:\Users\tanda\Downloads\sts\sts-4.29.0.RELEASE\plugins\org.eclipse.m2e.maven.runtime_3.9.900.20250220-2013\jars\plexus-cipher-2.0.jar
2025-03-17 15:40:13,377 [Worker-5: Launching mavenrun-2e777633-15d5-45cc-a2cc-c5cdcc3a26b3] INFO  o.eclipse.m2e.core.internal.Bundles - 	Entry: C:\Users\tanda\Downloads\sts\sts-4.29.0.RELEASE\plugins\org.eclipse.m2e.maven.runtime_3.9.900.20250220-2013\jars\plexus-classworlds-2.8.0.jar
2025-03-17 15:40:13,378 [Worker-5: Launching mavenrun-2e777633-15d5-45cc-a2cc-c5cdcc3a26b3] INFO  o.eclipse.m2e.core.internal.Bundles - 	Entry: C:\Users\tanda\Downloads\sts\sts-4.29.0.RELEASE\plugins\org.eclipse.m2e.maven.runtime_3.9.900.20250220-2013\jars\plexus-component-annotations-2.1.0.jar
2025-03-17 15:40:13,378 [Worker-5: Launching mavenrun-2e777633-15d5-45cc-a2cc-c5cdcc3a26b3] INFO  o.eclipse.m2e.core.internal.Bundles - 	Entry: C:\Users\tanda\Downloads\sts\sts-4.29.0.RELEASE\plugins\org.eclipse.m2e.maven.runtime_3.9.900.20250220-2013\jars\plexus-interpolation-1.27.jar
2025-03-17 15:40:13,378 [Worker-5: Launching mavenrun-2e777633-15d5-45cc-a2cc-c5cdcc3a26b3] INFO  o.eclipse.m2e.core.internal.Bundles - 	Entry: C:\Users\tanda\Downloads\sts\sts-4.29.0.RELEASE\plugins\org.eclipse.m2e.maven.runtime_3.9.900.20250220-2013\jars\plexus-sec-dispatcher-2.0.jar
2025-03-17 15:40:13,378 [Worker-5: Launching mavenrun-2e777633-15d5-45cc-a2cc-c5cdcc3a26b3] INFO  o.eclipse.m2e.core.internal.Bundles - 	Entry: C:\Users\tanda\Downloads\sts\sts-4.29.0.RELEASE\plugins\org.eclipse.m2e.maven.runtime_3.9.900.20250220-2013\jars\plexus-utils-3.5.1.jar
2025-03-17 15:40:13,378 [Worker-5: Launching mavenrun-2e777633-15d5-45cc-a2cc-c5cdcc3a26b3] INFO  o.eclipse.m2e.core.internal.Bundles - 	Entry: C:\Users\tanda\Downloads\sts\sts-4.29.0.RELEASE\plugins\org.eclipse.m2e.maven.runtime_3.9.900.20250220-2013\jars\plexus-xml-3.0.1.jar
2025-03-17 15:40:13,378 [Worker-5: Launching mavenrun-2e777633-15d5-45cc-a2cc-c5cdcc3a26b3] INFO  o.eclipse.m2e.core.internal.Bundles - 	Entry: C:\Users\tanda\Downloads\sts\sts-4.29.0.RELEASE\plugins\org.eclipse.m2e.maven.runtime_3.9.900.20250220-2013\jars\wagon-file-3.5.3.jar
2025-03-17 15:40:13,379 [Worker-5: Launching mavenrun-2e777633-15d5-45cc-a2cc-c5cdcc3a26b3] INFO  o.eclipse.m2e.core.internal.Bundles - 	Entry: C:\Users\tanda\Downloads\sts\sts-4.29.0.RELEASE\plugins\org.eclipse.m2e.maven.runtime_3.9.900.20250220-2013\jars\wagon-http-3.5.3.jar
2025-03-17 15:40:13,379 [Worker-5: Launching mavenrun-2e777633-15d5-45cc-a2cc-c5cdcc3a26b3] INFO  o.eclipse.m2e.core.internal.Bundles - 	Entry: C:\Users\tanda\Downloads\sts\sts-4.29.0.RELEASE\plugins\org.eclipse.m2e.maven.runtime_3.9.900.20250220-2013\jars\wagon-http-shared-3.5.3.jar
2025-03-17 15:40:13,379 [Worker-5: Launching mavenrun-2e777633-15d5-45cc-a2cc-c5cdcc3a26b3] INFO  o.eclipse.m2e.core.internal.Bundles - 	Entry: C:\Users\tanda\Downloads\sts\sts-4.29.0.RELEASE\plugins\org.eclipse.m2e.maven.runtime_3.9.900.20250220-2013\jars\wagon-provider-api-3.5.3.jar
2025-03-17 15:40:13,381 [Worker-5: Launching mavenrun-2e777633-15d5-45cc-a2cc-c5cdcc3a26b3] INFO  o.eclipse.m2e.core.internal.Bundles - getClasspathEntries(Bundle=com.google.guava_33.4.0.jre [29])
2025-03-17 15:40:13,381 [Worker-5: Launching mavenrun-2e777633-15d5-45cc-a2cc-c5cdcc3a26b3] INFO  o.eclipse.m2e.core.internal.Bundles - 	Entry: C:\Users\tanda\Downloads\sts\sts-4.29.0.RELEASE\plugins\com.google.guava_33.4.0.jre.jar
2025-03-17 15:40:13,382 [Worker-5: Launching mavenrun-2e777633-15d5-45cc-a2cc-c5cdcc3a26b3] INFO  o.eclipse.m2e.core.internal.Bundles - getClasspathEntries(Bundle=slf4j.api_2.0.17 [608])
2025-03-17 15:40:13,382 [Worker-5: Launching mavenrun-2e777633-15d5-45cc-a2cc-c5cdcc3a26b3] INFO  o.eclipse.m2e.core.internal.Bundles - 	Entry: C:\Users\tanda\Downloads\sts\sts-4.29.0.RELEASE\plugins\slf4j.api_2.0.17.jar
2025-03-17 15:40:13,382 [Worker-5: Launching mavenrun-2e777633-15d5-45cc-a2cc-c5cdcc3a26b3] INFO  o.eclipse.m2e.core.internal.Bundles - getClasspathEntries(Bundle=jakarta.inject.jakarta.inject-api_1.0.5 [45])
2025-03-17 15:40:13,383 [Worker-5: Launching mavenrun-2e777633-15d5-45cc-a2cc-c5cdcc3a26b3] INFO  o.eclipse.m2e.core.internal.Bundles - 	Entry: C:\Users\tanda\Downloads\sts\sts-4.29.0.RELEASE\plugins\jakarta.inject.jakarta.inject-api_1.0.5.jar
2025-03-17 15:40:13,383 [Worker-5: Launching mavenrun-2e777633-15d5-45cc-a2cc-c5cdcc3a26b3] INFO  o.eclipse.m2e.core.internal.Bundles - getClasspathEntries(Bundle=jakarta.annotation-api_1.3.5 [41])
2025-03-17 15:40:13,383 [Worker-5: Launching mavenrun-2e777633-15d5-45cc-a2cc-c5cdcc3a26b3] INFO  o.eclipse.m2e.core.internal.Bundles - 	Entry: C:\Users\tanda\Downloads\sts\sts-4.29.0.RELEASE\plugins\jakarta.annotation-api_1.3.5.jar
2025-03-17 15:40:13,383 [Worker-5: Launching mavenrun-2e777633-15d5-45cc-a2cc-c5cdcc3a26b3] INFO  o.eclipse.m2e.core.internal.Bundles - getClasspathEntries(Bundle=org.apache.commons.cli_1.9.0 [77])
2025-03-17 15:40:13,384 [Worker-5: Launching mavenrun-2e777633-15d5-45cc-a2cc-c5cdcc3a26b3] INFO  o.eclipse.m2e.core.internal.Bundles - 	Entry: C:\Users\tanda\Downloads\sts\sts-4.29.0.RELEASE\plugins\org.apache.commons.cli_1.9.0.jar
2025-03-17 15:40:13,384 [Worker-5: Launching mavenrun-2e777633-15d5-45cc-a2cc-c5cdcc3a26b3] INFO  o.eclipse.m2e.core.internal.Bundles - getClasspathEntries(Bundle=org.apache.commons.commons-codec_1.16.0 [79])
2025-03-17 15:40:13,384 [Worker-5: Launching mavenrun-2e777633-15d5-45cc-a2cc-c5cdcc3a26b3] INFO  o.eclipse.m2e.core.internal.Bundles - 	Entry: C:\Users\tanda\Downloads\sts\sts-4.29.0.RELEASE\plugins\org.apache.commons.commons-codec_1.16.0.jar
2025-03-17 15:40:13,384 [Worker-5: Launching mavenrun-2e777633-15d5-45cc-a2cc-c5cdcc3a26b3] INFO  o.eclipse.m2e.core.internal.Bundles - getClasspathEntries(Bundle=com.google.guava.failureaccess_1.0.2 [30])
2025-03-17 15:40:13,384 [Worker-5: Launching mavenrun-2e777633-15d5-45cc-a2cc-c5cdcc3a26b3] INFO  o.eclipse.m2e.core.internal.Bundles - 	Entry: C:\Users\tanda\Downloads\sts\sts-4.29.0.RELEASE\plugins\com.google.guava.failureaccess_1.0.2.jar
2025-03-17 15:40:13,395 [Worker-5: Launching mavenrun-2e777633-15d5-45cc-a2cc-c5cdcc3a26b3] INFO  o.e.m.i.launch.MavenLaunchDelegate - Run build in "C:\Users\tanda\AppData\Local\Temp\m2e-archetypeGenerator5675677219255962065":
2025-03-17 15:40:13,400 [Worker-5: Launching mavenrun-2e777633-15d5-45cc-a2cc-c5cdcc3a26b3] INFO  o.e.m.i.launch.MavenLaunchDelegate -  mvn  -DarchetypeGroupId=org.apache.maven.archetypes -DarchetypeArtifactId=maven-archetype-quickstart -DarchetypeVersion=1.1 -DgroupId=com.tandan -DartifactId=SpringDemo -Dversion=0.0.1-SNAPSHOT -Dpackage=com.tandan.SpringDemo -DoutputDirectory=C:\Users\tanda\Documents\project -Dstyle.color=always -U archetype:generate
2025-03-17 15:40:51,686 [Worker-7: Creating maven-archetype-quickstart] INFO  o.e.m.c.i.p.ProjectConfigurationManager - Collecting project info '/pom.xml' C:\Users\tanda\Documents\project\SpringDemo\pom.xml
2025-03-17 15:40:52,384 [Worker-7: Creating maven-archetype-quickstart] INFO  o.e.m.c.i.e.AbstractTransferListenerAdapter - Downloading https://repo.maven.apache.org/maven2/org/apache/maven/plugins/maven-surefire-plugin/3.2.5/maven-surefire-plugin-3.2.5.jar
2025-03-17 15:40:52,674 [Worker-7: Creating maven-archetype-quickstart] INFO  o.e.m.c.i.e.AbstractTransferListenerAdapter - Downloaded https://repo.maven.apache.org/maven2/org/apache/maven/plugins/maven-surefire-plugin/3.2.5/maven-surefire-plugin-3.2.5.jar
2025-03-17 15:40:52,827 [Worker-7: Creating maven-archetype-quickstart] INFO  o.e.m.c.i.e.AbstractTransferListenerAdapter - Downloading https://repo.maven.apache.org/maven2/org/apache/maven/plugins/maven-jar-plugin/3.4.1/maven-jar-plugin-3.4.1.jar
2025-03-17 15:40:53,192 [Worker-7: Creating maven-archetype-quickstart] INFO  o.e.m.c.i.e.AbstractTransferListenerAdapter - Downloaded https://repo.maven.apache.org/maven2/org/apache/maven/plugins/maven-jar-plugin/3.4.1/maven-jar-plugin-3.4.1.jar
2025-03-17 15:40:54,946 [Worker-7: Creating maven-archetype-quickstart] INFO  o.e.m.c.i.l.LifecycleMappingFactory - Using org.eclipse.m2e.jdt.JarLifecycleMapping lifecycle mapping for MavenProject: com.tandan:SpringDemo:0.0.1-SNAPSHOT @ C:\Users\tanda\Documents\project\SpringDemo\pom.xml.
2025-03-17 15:40:55,178 [Worker-7: Creating maven-archetype-quickstart] INFO  o.e.m.c.i.e.AbstractTransferListenerAdapter - Downloading https://repo.maven.apache.org/maven2/org/apache/maven/plugins/maven-surefire-plugin/3.2.5/maven-surefire-plugin-3.2.5.pom
2025-03-17 15:40:55,216 [Worker-7: Creating maven-archetype-quickstart] INFO  o.e.m.c.i.e.AbstractTransferListenerAdapter - Downloaded https://repo.maven.apache.org/maven2/org/apache/maven/plugins/maven-surefire-plugin/3.2.5/maven-surefire-plugin-3.2.5.pom
2025-03-17 15:40:55,251 [Worker-7: Creating maven-archetype-quickstart] INFO  o.e.m.c.i.e.AbstractTransferListenerAdapter - Downloading https://repo.maven.apache.org/maven2/org/apache/maven/surefire/surefire/3.2.5/surefire-3.2.5.pom
2025-03-17 15:40:55,293 [Worker-7: Creating maven-archetype-quickstart] INFO  o.e.m.c.i.e.AbstractTransferListenerAdapter - Downloaded https://repo.maven.apache.org/maven2/org/apache/maven/surefire/surefire/3.2.5/surefire-3.2.5.pom
2025-03-17 15:40:55,343 [Worker-7: Creating maven-archetype-quickstart] INFO  o.e.m.c.i.e.AbstractTransferListenerAdapter - Downloading https://repo.maven.apache.org/maven2/org/apache/maven/plugins/maven-jar-plugin/3.4.1/maven-jar-plugin-3.4.1.pom
2025-03-17 15:40:55,377 [Worker-7: Creating maven-archetype-quickstart] INFO  o.e.m.c.i.e.AbstractTransferListenerAdapter - Downloaded https://repo.maven.apache.org/maven2/org/apache/maven/plugins/maven-jar-plugin/3.4.1/maven-jar-plugin-3.4.1.pom
2025-03-17 15:40:56,948 [Worker-7: Creating maven-archetype-quickstart] INFO  o.e.m.j.i.AbstractJavaProjectConfigurator - Adding source folder /SpringDemo/src/main/java
2025-03-17 15:40:56,951 [Worker-7: Creating maven-archetype-quickstart] INFO  o.e.m.j.i.AbstractJavaProjectConfigurator - Adding resource folder /SpringDemo/src/main/resources
2025-03-17 15:40:56,965 [Worker-7: Creating maven-archetype-quickstart] INFO  o.e.m.j.i.AbstractJavaProjectConfigurator - Adding source folder /SpringDemo/src/test/java
2025-03-17 15:40:56,966 [Worker-7: Creating maven-archetype-quickstart] INFO  o.e.m.j.i.AbstractJavaProjectConfigurator - Adding resource folder /SpringDemo/src/test/resources
2025-03-17 15:40:57,174 [Worker-7: Creating maven-archetype-quickstart] INFO  o.e.m.c.i.p.ProjectConfigurationManager - Imported and configured 1 project(s) in 5 sec
2025-03-17 15:40:57,509 [Worker-12: Download sources and javadoc] INFO  o.e.m.c.i.e.AbstractTransferListenerAdapter - Downloading https://repo.maven.apache.org/maven2/junit/junit/3.8.1/junit-3.8.1-sources.jar
2025-03-17 15:40:57,614 [Worker-12: Download sources and javadoc] INFO  o.e.m.c.i.e.AbstractTransferListenerAdapter - Downloaded https://repo.maven.apache.org/maven2/junit/junit/3.8.1/junit-3.8.1-sources.jar
2025-03-17 15:40:57,618 [Worker-12: Download sources and javadoc] INFO  o.e.m.j.internal.DownloadSourcesJob - Downloaded sources for junit:junit:3.8.1
2025-03-17 15:40:58,276 [Worker-5: Building] INFO  o.a.m.s.f.DefaultMavenResourcesFiltering - skip non existing resourceDirectory C:\Users\tanda\Documents\project\SpringDemo\src\main\resources
2025-03-17 15:40:58,282 [Worker-5: Building] INFO  o.a.m.s.f.DefaultMavenResourcesFiltering - skip non existing resourceDirectory C:\Users\tanda\Documents\project\SpringDemo\src\test\resources
2025-03-17 15:49:16,599 [Worker-5: Launching App] INFO  o.e.m.c.i.l.LifecycleMappingFactory - Using org.eclipse.m2e.jdt.JarLifecycleMapping lifecycle mapping for MavenProject: com.tandan:SpringDemo:0.0.1-SNAPSHOT @ C:\Users\tanda\Documents\project\SpringDemo\pom.xml.
2025-03-17 15:49:17,562 [Worker-5: Launching App] INFO  o.a.m.s.f.DefaultMavenResourcesFiltering - skip non existing resourceDirectory C:\Users\tanda\Documents\project\SpringDemo\src\main\resources
2025-03-17 15:49:17,568 [Worker-5: Launching App] INFO  o.a.m.s.f.DefaultMavenResourcesFiltering - skip non existing resourceDirectory C:\Users\tanda\Documents\project\SpringDemo\src\test\resources
2025-03-17 15:49:18,253 [Worker-4: Building] INFO  o.a.m.s.f.DefaultMavenResourcesFiltering - skip non existing resourceDirectory C:\Users\tanda\Documents\project\SpringDemo\src\main\resources
2025-03-17 15:49:18,257 [Worker-4: Building] INFO  o.a.m.s.f.DefaultMavenResourcesFiltering - skip non existing resourceDirectory C:\Users\tanda\Documents\project\SpringDemo\src\test\resources
2025-03-17 15:50:09,158 [Worker-14: Building] INFO  o.a.m.s.f.DefaultMavenResourcesFiltering - skip non existing resourceDirectory C:\Users\tanda\Documents\project\SpringDemo\src\main\resources
2025-03-17 15:50:09,162 [Worker-14: Building] INFO  o.a.m.s.f.DefaultMavenResourcesFiltering - skip non existing resourceDirectory C:\Users\tanda\Documents\project\SpringDemo\src\test\resources
2025-03-17 15:54:53,797 [Worker-18: Launching App] INFO  o.a.m.s.f.DefaultMavenResourcesFiltering - skip non existing resourceDirectory C:\Users\tanda\Documents\project\SpringDemo\src\main\resources
2025-03-17 15:54:53,802 [Worker-18: Launching App] INFO  o.a.m.s.f.DefaultMavenResourcesFiltering - skip non existing resourceDirectory C:\Users\tanda\Documents\project\SpringDemo\src\test\resources
2025-03-17 16:10:48,131 [Worker-21: Building] INFO  o.a.m.s.f.DefaultMavenResourcesFiltering - skip non existing resourceDirectory C:\Users\tanda\Documents\project\SpringDemo\src\main\resources
2025-03-17 16:10:48,135 [Worker-21: Building] INFO  o.a.m.s.f.DefaultMavenResourcesFiltering - skip non existing resourceDirectory C:\Users\tanda\Documents\project\SpringDemo\src\test\resources
2025-03-17 16:13:22,083 [Worker-5: Launching App] INFO  o.e.m.c.i.l.LifecycleMappingFactory - Using org.eclipse.m2e.jdt.JarLifecycleMapping lifecycle mapping for MavenProject: com.tandan:SpringDemo:0.0.1-SNAPSHOT @ C:\Users\tanda\Documents\project\SpringDemo\pom.xml.
2025-03-17 16:13:22,292 [Worker-5: Launching App] INFO  o.a.m.s.f.DefaultMavenResourcesFiltering - skip non existing resourceDirectory C:\Users\tanda\Documents\project\SpringDemo\src\main\resources
2025-03-17 16:13:22,297 [Worker-5: Launching App] INFO  o.a.m.s.f.DefaultMavenResourcesFiltering - skip non existing resourceDirectory C:\Users\tanda\Documents\project\SpringDemo\src\test\resources
2025-03-17 16:13:22,904 [Worker-21: Building] INFO  o.a.m.s.f.DefaultMavenResourcesFiltering - skip non existing resourceDirectory C:\Users\tanda\Documents\project\SpringDemo\src\main\resources
2025-03-17 16:13:22,907 [Worker-21: Building] INFO  o.a.m.s.f.DefaultMavenResourcesFiltering - skip non existing resourceDirectory C:\Users\tanda\Documents\project\SpringDemo\src\test\resources
2025-03-17 16:16:51,358 [Worker-19: Building] INFO  o.a.m.s.f.DefaultMavenResourcesFiltering - skip non existing resourceDirectory C:\Users\tanda\Documents\project\SpringDemo\src\main\resources
2025-03-17 16:16:51,361 [Worker-19: Building] INFO  o.a.m.s.f.DefaultMavenResourcesFiltering - skip non existing resourceDirectory C:\Users\tanda\Documents\project\SpringDemo\src\test\resources
2025-03-17 16:17:11,611 [Worker-23: Building] INFO  o.a.m.s.f.DefaultMavenResourcesFiltering - skip non existing resourceDirectory C:\Users\tanda\Documents\project\SpringDemo\src\main\resources
2025-03-17 16:17:11,617 [Worker-23: Building] INFO  o.a.m.s.f.DefaultMavenResourcesFiltering - skip non existing resourceDirectory C:\Users\tanda\Documents\project\SpringDemo\src\test\resources
2025-03-17 16:17:25,946 [Worker-21: Launching App] INFO  o.a.m.s.f.DefaultMavenResourcesFiltering - skip non existing resourceDirectory C:\Users\tanda\Documents\project\SpringDemo\src\main\resources
2025-03-17 16:17:25,950 [Worker-21: Launching App] INFO  o.a.m.s.f.DefaultMavenResourcesFiltering - skip non existing resourceDirectory C:\Users\tanda\Documents\project\SpringDemo\src\test\resources
2025-03-17 16:21:30,983 [Worker-19: Launching App] INFO  o.a.m.s.f.DefaultMavenResourcesFiltering - skip non existing resourceDirectory C:\Users\tanda\Documents\project\SpringDemo\src\main\resources
2025-03-17 16:21:30,986 [Worker-19: Launching App] INFO  o.a.m.s.f.DefaultMavenResourcesFiltering - skip non existing resourceDirectory C:\Users\tanda\Documents\project\SpringDemo\src\test\resources
2025-03-17 16:22:42,804 [Worker-24: Building] INFO  o.a.m.s.f.DefaultMavenResourcesFiltering - skip non existing resourceDirectory C:\Users\tanda\Documents\project\SpringDemo\src\main\resources
2025-03-17 16:22:42,807 [Worker-24: Building] INFO  o.a.m.s.f.DefaultMavenResourcesFiltering - skip non existing resourceDirectory C:\Users\tanda\Documents\project\SpringDemo\src\test\resources
2025-03-17 16:22:46,727 [Worker-19: Building] INFO  o.a.m.s.f.DefaultMavenResourcesFiltering - skip non existing resourceDirectory C:\Users\tanda\Documents\project\SpringDemo\src\main\resources
2025-03-17 16:22:46,730 [Worker-19: Building] INFO  o.a.m.s.f.DefaultMavenResourcesFiltering - skip non existing resourceDirectory C:\Users\tanda\Documents\project\SpringDemo\src\test\resources
2025-03-17 16:26:15,342 [Worker-21: Launching App] INFO  o.a.m.s.f.DefaultMavenResourcesFiltering - skip non existing resourceDirectory C:\Users\tanda\Documents\project\SpringDemo\src\main\resources
2025-03-17 16:26:15,347 [Worker-21: Launching App] INFO  o.a.m.s.f.DefaultMavenResourcesFiltering - skip non existing resourceDirectory C:\Users\tanda\Documents\project\SpringDemo\src\test\resources
2025-03-17 16:27:02,874 [Worker-21: Launching App] INFO  o.a.m.s.f.DefaultMavenResourcesFiltering - skip non existing resourceDirectory C:\Users\tanda\Documents\project\SpringDemo\src\main\resources
2025-03-17 16:27:02,879 [Worker-21: Launching App] INFO  o.a.m.s.f.DefaultMavenResourcesFiltering - skip non existing resourceDirectory C:\Users\tanda\Documents\project\SpringDemo\src\test\resources
2025-03-17 16:34:35,698 [Worker-27: Launching App] INFO  o.a.m.s.f.DefaultMavenResourcesFiltering - skip non existing resourceDirectory C:\Users\tanda\Documents\project\SpringDemo\src\main\resources
2025-03-17 16:34:35,700 [Worker-27: Launching App] INFO  o.a.m.s.f.DefaultMavenResourcesFiltering - skip non existing resourceDirectory C:\Users\tanda\Documents\project\SpringDemo\src\test\resources
2025-03-17 16:34:47,622 [Worker-23: Launching App] INFO  o.a.m.s.f.DefaultMavenResourcesFiltering - skip non existing resourceDirectory C:\Users\tanda\Documents\project\SpringDemo\src\main\resources
2025-03-17 16:34:47,625 [Worker-23: Launching App] INFO  o.a.m.s.f.DefaultMavenResourcesFiltering - skip non existing resourceDirectory C:\Users\tanda\Documents\project\SpringDemo\src\test\resources
2025-03-17 16:35:58,966 [Worker-5: Launching App] INFO  o.a.m.s.f.DefaultMavenResourcesFiltering - skip non existing resourceDirectory C:\Users\tanda\Documents\project\SpringDemo\src\main\resources
2025-03-17 16:35:58,968 [Worker-5: Launching App] INFO  o.a.m.s.f.DefaultMavenResourcesFiltering - skip non existing resourceDirectory C:\Users\tanda\Documents\project\SpringDemo\src\test\resources
2025-03-17 16:40:06,981 [Worker-5: Launching App] INFO  o.a.m.s.f.DefaultMavenResourcesFiltering - skip non existing resourceDirectory C:\Users\tanda\Documents\project\SpringDemo\src\main\resources
2025-03-17 16:40:06,982 [Worker-5: Launching App] INFO  o.a.m.s.f.DefaultMavenResourcesFiltering - skip non existing resourceDirectory C:\Users\tanda\Documents\project\SpringDemo\src\test\resources
2025-03-17 16:42:03,785 [Worker-28: Launching App] INFO  o.a.m.s.f.DefaultMavenResourcesFiltering - skip non existing resourceDirectory C:\Users\tanda\Documents\project\SpringDemo\src\main\resources
2025-03-17 16:42:03,788 [Worker-28: Launching App] INFO  o.a.m.s.f.DefaultMavenResourcesFiltering - skip non existing resourceDirectory C:\Users\tanda\Documents\project\SpringDemo\src\test\resources
2025-03-17 16:47:36,810 [Worker-29: Building] INFO  o.e.m.c.i.l.LifecycleMappingFactory - Using org.eclipse.m2e.jdt.JarLifecycleMapping lifecycle mapping for MavenProject: com.tandan:SpringDemo:0.0.1-SNAPSHOT @ C:\Users\tanda\Documents\project\SpringDemo\pom.xml.
2025-03-17 16:47:36,982 [Worker-29: Building] INFO  o.e.m.c.i.e.AbstractTransferListenerAdapter - Downloading https://repo.maven.apache.org/maven2/org/springframework/spring-context/5.3.30/spring-context-5.3.30.pom
2025-03-17 16:47:36,999 [Worker-29: Building] INFO  o.e.m.c.i.e.AbstractTransferListenerAdapter - Downloaded https://repo.maven.apache.org/maven2/org/springframework/spring-context/5.3.30/spring-context-5.3.30.pom
2025-03-17 16:47:37,041 [Worker-29: Building] INFO  o.e.m.c.i.e.AbstractTransferListenerAdapter - Downloading https://repo.maven.apache.org/maven2/org/springframework/spring-aop/5.3.30/spring-aop-5.3.30.pom
2025-03-17 16:47:37,061 [Worker-29: Building] INFO  o.e.m.c.i.e.AbstractTransferListenerAdapter - Downloaded https://repo.maven.apache.org/maven2/org/springframework/spring-aop/5.3.30/spring-aop-5.3.30.pom
2025-03-17 16:47:37,099 [Worker-29: Building] INFO  o.e.m.c.i.e.AbstractTransferListenerAdapter - Downloading https://repo.maven.apache.org/maven2/org/springframework/spring-beans/5.3.30/spring-beans-5.3.30.pom
2025-03-17 16:47:37,135 [Worker-29: Building] INFO  o.e.m.c.i.e.AbstractTransferListenerAdapter - Downloaded https://repo.maven.apache.org/maven2/org/springframework/spring-beans/5.3.30/spring-beans-5.3.30.pom
2025-03-17 16:47:37,169 [Worker-29: Building] INFO  o.e.m.c.i.e.AbstractTransferListenerAdapter - Downloading https://repo.maven.apache.org/maven2/org/springframework/spring-core/5.3.30/spring-core-5.3.30.pom
2025-03-17 16:47:37,197 [Worker-29: Building] INFO  o.e.m.c.i.e.AbstractTransferListenerAdapter - Downloaded https://repo.maven.apache.org/maven2/org/springframework/spring-core/5.3.30/spring-core-5.3.30.pom
2025-03-17 16:47:37,233 [Worker-29: Building] INFO  o.e.m.c.i.e.AbstractTransferListenerAdapter - Downloading https://repo.maven.apache.org/maven2/org/springframework/spring-jcl/5.3.30/spring-jcl-5.3.30.pom
2025-03-17 16:47:37,260 [Worker-29: Building] INFO  o.e.m.c.i.e.AbstractTransferListenerAdapter - Downloaded https://repo.maven.apache.org/maven2/org/springframework/spring-jcl/5.3.30/spring-jcl-5.3.30.pom
2025-03-17 16:47:37,295 [Worker-29: Building] INFO  o.e.m.c.i.e.AbstractTransferListenerAdapter - Downloading https://repo.maven.apache.org/maven2/org/springframework/spring-expression/5.3.30/spring-expression-5.3.30.pom
2025-03-17 16:47:37,319 [Worker-29: Building] INFO  o.e.m.c.i.e.AbstractTransferListenerAdapter - Downloaded https://repo.maven.apache.org/maven2/org/springframework/spring-expression/5.3.30/spring-expression-5.3.30.pom
2025-03-17 16:47:37,352 [Worker-29: Building] INFO  o.e.m.c.i.e.AbstractTransferListenerAdapter - Downloading https://repo.maven.apache.org/maven2/org/springframework/spring-context/5.3.30/spring-context-5.3.30.jar
2025-03-17 16:47:37,542 [Worker-29: Building] INFO  o.e.m.c.i.e.AbstractTransferListenerAdapter - Downloaded https://repo.maven.apache.org/maven2/org/springframework/spring-context/5.3.30/spring-context-5.3.30.jar
2025-03-17 16:47:37,574 [BasicRepositoryConnector-repo.maven.apache.org-0-4] INFO  o.e.m.c.i.e.AbstractTransferListenerAdapter - Downloading https://repo.maven.apache.org/maven2/org/springframework/spring-jcl/5.3.30/spring-jcl-5.3.30.jar
2025-03-17 16:47:37,642 [BasicRepositoryConnector-repo.maven.apache.org-0-0] INFO  o.e.m.c.i.e.AbstractTransferListenerAdapter - Downloading https://repo.maven.apache.org/maven2/org/springframework/spring-aop/5.3.30/spring-aop-5.3.30.jar
2025-03-17 16:47:37,642 [BasicRepositoryConnector-repo.maven.apache.org-0-2] INFO  o.e.m.c.i.e.AbstractTransferListenerAdapter - Downloading https://repo.maven.apache.org/maven2/org/springframework/spring-beans/5.3.30/spring-beans-5.3.30.jar
2025-03-17 16:47:37,642 [BasicRepositoryConnector-repo.maven.apache.org-0-1] INFO  o.e.m.c.i.e.AbstractTransferListenerAdapter - Downloading https://repo.maven.apache.org/maven2/org/springframework/spring-expression/5.3.30/spring-expression-5.3.30.jar
2025-03-17 16:47:37,643 [BasicRepositoryConnector-repo.maven.apache.org-0-3] INFO  o.e.m.c.i.e.AbstractTransferListenerAdapter - Downloading https://repo.maven.apache.org/maven2/org/springframework/spring-core/5.3.30/spring-core-5.3.30.jar
2025-03-17 16:47:37,819 [BasicRepositoryConnector-repo.maven.apache.org-0-1] INFO  o.e.m.c.i.e.AbstractTransferListenerAdapter - Downloaded https://repo.maven.apache.org/maven2/org/springframework/spring-expression/5.3.30/spring-expression-5.3.30.jar
2025-03-17 16:47:37,834 [BasicRepositoryConnector-repo.maven.apache.org-0-0] INFO  o.e.m.c.i.e.AbstractTransferListenerAdapter - Downloaded https://repo.maven.apache.org/maven2/org/springframework/spring-aop/5.3.30/spring-aop-5.3.30.jar
2025-03-17 16:47:37,887 [BasicRepositoryConnector-repo.maven.apache.org-0-4] INFO  o.e.m.c.i.e.AbstractTransferListenerAdapter - Downloaded https://repo.maven.apache.org/maven2/org/springframework/spring-jcl/5.3.30/spring-jcl-5.3.30.jar
2025-03-17 16:47:37,950 [BasicRepositoryConnector-repo.maven.apache.org-0-3] INFO  o.e.m.c.i.e.AbstractTransferListenerAdapter - Downloaded https://repo.maven.apache.org/maven2/org/springframework/spring-core/5.3.30/spring-core-5.3.30.jar
2025-03-17 16:47:38,062 [BasicRepositoryConnector-repo.maven.apache.org-0-2] INFO  o.e.m.c.i.e.AbstractTransferListenerAdapter - Downloaded https://repo.maven.apache.org/maven2/org/springframework/spring-beans/5.3.30/spring-beans-5.3.30.jar
2025-03-17 16:47:38,447 [Worker-29: Building] INFO  o.a.m.s.f.DefaultMavenResourcesFiltering - skip non existing resourceDirectory C:\Users\tanda\Documents\project\SpringDemo\src\main\resources
2025-03-17 16:47:38,449 [Worker-29: Building] INFO  o.a.m.s.f.DefaultMavenResourcesFiltering - skip non existing resourceDirectory C:\Users\tanda\Documents\project\SpringDemo\src\test\resources
2025-03-17 16:47:39,224 [Worker-31: Download sources and javadoc] INFO  o.e.m.c.i.e.AbstractTransferListenerAdapter - Downloading https://repo.maven.apache.org/maven2/org/springframework/spring-context/5.3.30/spring-context-5.3.30-sources.jar
2025-03-17 16:47:39,361 [Worker-31: Download sources and javadoc] INFO  o.e.m.c.i.e.AbstractTransferListenerAdapter - Downloaded https://repo.maven.apache.org/maven2/org/springframework/spring-context/5.3.30/spring-context-5.3.30-sources.jar
2025-03-17 16:47:39,363 [Worker-31: Download sources and javadoc] INFO  o.e.m.j.internal.DownloadSourcesJob - Downloaded sources for org.springframework:spring-context:5.3.30
2025-03-17 16:47:39,439 [Worker-31: Download sources and javadoc] INFO  o.e.m.c.i.e.AbstractTransferListenerAdapter - Downloading https://repo.maven.apache.org/maven2/org/springframework/spring-aop/5.3.30/spring-aop-5.3.30-sources.jar
2025-03-17 16:47:39,587 [Worker-31: Download sources and javadoc] INFO  o.e.m.c.i.e.AbstractTransferListenerAdapter - Downloaded https://repo.maven.apache.org/maven2/org/springframework/spring-aop/5.3.30/spring-aop-5.3.30-sources.jar
2025-03-17 16:47:39,590 [Worker-31: Download sources and javadoc] INFO  o.e.m.j.internal.DownloadSourcesJob - Downloaded sources for org.springframework:spring-aop:5.3.30
2025-03-17 16:47:39,681 [Worker-31: Download sources and javadoc] INFO  o.e.m.c.i.e.AbstractTransferListenerAdapter - Downloading https://repo.maven.apache.org/maven2/org/springframework/spring-expression/5.3.30/spring-expression-5.3.30-sources.jar
2025-03-17 16:47:39,790 [Worker-31: Download sources and javadoc] INFO  o.e.m.c.i.e.AbstractTransferListenerAdapter - Downloaded https://repo.maven.apache.org/maven2/org/springframework/spring-expression/5.3.30/spring-expression-5.3.30-sources.jar
2025-03-17 16:47:39,793 [Worker-31: Download sources and javadoc] INFO  o.e.m.j.internal.DownloadSourcesJob - Downloaded sources for org.springframework:spring-expression:5.3.30
2025-03-17 16:47:39,857 [Worker-31: Download sources and javadoc] INFO  o.e.m.c.i.e.AbstractTransferListenerAdapter - Downloading https://repo.maven.apache.org/maven2/org/springframework/spring-beans/5.3.30/spring-beans-5.3.30-sources.jar
2025-03-17 16:47:39,980 [Worker-31: Download sources and javadoc] INFO  o.e.m.c.i.e.AbstractTransferListenerAdapter - Downloaded https://repo.maven.apache.org/maven2/org/springframework/spring-beans/5.3.30/spring-beans-5.3.30-sources.jar
2025-03-17 16:47:39,982 [Worker-31: Download sources and javadoc] INFO  o.e.m.j.internal.DownloadSourcesJob - Downloaded sources for org.springframework:spring-beans:5.3.30
2025-03-17 16:47:40,055 [Worker-31: Download sources and javadoc] INFO  o.e.m.c.i.e.AbstractTransferListenerAdapter - Downloading https://repo.maven.apache.org/maven2/org/springframework/spring-core/5.3.30/spring-core-5.3.30-sources.jar
2025-03-17 16:47:40,186 [Worker-31: Download sources and javadoc] INFO  o.e.m.c.i.e.AbstractTransferListenerAdapter - Downloaded https://repo.maven.apache.org/maven2/org/springframework/spring-core/5.3.30/spring-core-5.3.30-sources.jar
2025-03-17 16:47:40,188 [Worker-31: Download sources and javadoc] INFO  o.e.m.j.internal.DownloadSourcesJob - Downloaded sources for org.springframework:spring-core:5.3.30
2025-03-17 16:47:40,300 [Worker-31: Download sources and javadoc] INFO  o.e.m.c.i.e.AbstractTransferListenerAdapter - Downloading https://repo.maven.apache.org/maven2/org/springframework/spring-jcl/5.3.30/spring-jcl-5.3.30-sources.jar
2025-03-17 16:47:40,451 [Worker-31: Download sources and javadoc] INFO  o.e.m.c.i.e.AbstractTransferListenerAdapter - Downloaded https://repo.maven.apache.org/maven2/org/springframework/spring-jcl/5.3.30/spring-jcl-5.3.30-sources.jar
2025-03-17 16:47:40,454 [Worker-31: Download sources and javadoc] INFO  o.e.m.j.internal.DownloadSourcesJob - Downloaded sources for org.springframework:spring-jcl:5.3.30
2025-03-17 16:47:40,699 [Worker-30: Building] INFO  o.a.m.s.f.DefaultMavenResourcesFiltering - skip non existing resourceDirectory C:\Users\tanda\Documents\project\SpringDemo\src\main\resources
2025-03-17 16:47:40,700 [Worker-30: Building] INFO  o.a.m.s.f.DefaultMavenResourcesFiltering - skip non existing resourceDirectory C:\Users\tanda\Documents\project\SpringDemo\src\test\resources
2025-03-17 16:48:05,030 [Worker-32: Launching App] INFO  o.a.m.s.f.DefaultMavenResourcesFiltering - skip non existing resourceDirectory C:\Users\tanda\Documents\project\SpringDemo\src\main\resources
2025-03-17 16:48:05,032 [Worker-32: Launching App] INFO  o.a.m.s.f.DefaultMavenResourcesFiltering - skip non existing resourceDirectory C:\Users\tanda\Documents\project\SpringDemo\src\test\resources
2025-03-17 16:48:41,758 [Worker-34: Launching App] INFO  o.a.m.s.f.DefaultMavenResourcesFiltering - skip non existing resourceDirectory C:\Users\tanda\Documents\project\SpringDemo\src\main\resources
2025-03-17 16:48:41,760 [Worker-34: Launching App] INFO  o.a.m.s.f.DefaultMavenResourcesFiltering - skip non existing resourceDirectory C:\Users\tanda\Documents\project\SpringDemo\src\test\resources
2025-03-17 16:49:04,000 [Worker-31: Updating Maven Project] INFO  o.e.m.c.i.p.ProjectConfigurationManager - Update started
2025-03-17 16:49:04,117 [Worker-31: Updating Maven Project] INFO  o.e.m.c.i.l.LifecycleMappingFactory - Using org.eclipse.m2e.jdt.JarLifecycleMapping lifecycle mapping for MavenProject: com.tandan:SpringDemo:0.0.1-SNAPSHOT @ C:\Users\tanda\Documents\project\SpringDemo\pom.xml.
2025-03-17 16:49:04,206 [Worker-31: Updating Maven Project] INFO  o.e.m.j.i.AbstractJavaProjectConfigurator - Adding source folder /SpringDemo/src/main/java
2025-03-17 16:49:04,207 [Worker-31: Updating Maven Project] INFO  o.e.m.j.i.AbstractJavaProjectConfigurator - Adding resource folder /SpringDemo/src/main/resources
2025-03-17 16:49:04,207 [Worker-31: Updating Maven Project] INFO  o.e.m.j.i.AbstractJavaProjectConfigurator - Adding source folder /SpringDemo/src/test/java
2025-03-17 16:49:04,209 [Worker-31: Updating Maven Project] INFO  o.e.m.j.i.AbstractJavaProjectConfigurator - Adding resource folder /SpringDemo/src/test/resources
2025-03-17 16:49:04,550 [Worker-31: Updating Maven Project] INFO  o.e.m.c.i.p.ProjectConfigurationManager - Update completed for 1 poms: local refresh takes 0.00 sec, refresh facades takes 0.00 sec, update config takes 0.00 sec 
2025-03-17 16:49:04,687 [Worker-34: Building] INFO  o.a.m.s.f.DefaultMavenResourcesFiltering - skip non existing resourceDirectory C:\Users\tanda\Documents\project\SpringDemo\src\main\resources
2025-03-17 16:49:04,689 [Worker-34: Building] INFO  o.a.m.s.f.DefaultMavenResourcesFiltering - skip non existing resourceDirectory C:\Users\tanda\Documents\project\SpringDemo\src\test\resources
2025-03-17 16:50:16,700 [Worker-32: Building] INFO  o.a.m.s.f.DefaultMavenResourcesFiltering - skip non existing resourceDirectory C:\Users\tanda\Documents\project\SpringDemo\src\main\resources
2025-03-17 16:50:16,703 [Worker-32: Building] INFO  o.a.m.s.f.DefaultMavenResourcesFiltering - skip non existing resourceDirectory C:\Users\tanda\Documents\project\SpringDemo\src\test\resources
2025-03-17 16:50:32,597 [Worker-34: Building] INFO  o.a.m.s.f.DefaultMavenResourcesFiltering - skip non existing resourceDirectory C:\Users\tanda\Documents\project\SpringDemo\src\main\resources
2025-03-17 16:50:32,597 [Worker-34: Building] INFO  o.a.m.s.f.DefaultMavenResourcesFiltering - skip non existing resourceDirectory C:\Users\tanda\Documents\project\SpringDemo\src\test\resources
2025-03-17 16:51:53,730 [Worker-33: Launching App] INFO  o.a.m.s.f.DefaultMavenResourcesFiltering - skip non existing resourceDirectory C:\Users\tanda\Documents\project\SpringDemo\src\main\resources
2025-03-17 16:51:53,731 [Worker-33: Launching App] INFO  o.a.m.s.f.DefaultMavenResourcesFiltering - skip non existing resourceDirectory C:\Users\tanda\Documents\project\SpringDemo\src\test\resources
2025-03-17 17:04:27,956 [Worker-34: Launching App] INFO  o.a.m.s.f.DefaultMavenResourcesFiltering - skip non existing resourceDirectory C:\Users\tanda\Documents\project\SpringDemo\src\main\resources
2025-03-17 17:04:27,958 [Worker-34: Launching App] INFO  o.a.m.s.f.DefaultMavenResourcesFiltering - skip non existing resourceDirectory C:\Users\tanda\Documents\project\SpringDemo\src\test\resources
2025-03-17 17:09:22,833 [Worker-36: Launching App] INFO  o.a.m.s.f.DefaultMavenResourcesFiltering - skip non existing resourceDirectory C:\Users\tanda\Documents\project\SpringDemo\src\main\resources
2025-03-17 17:09:22,835 [Worker-36: Launching App] INFO  o.a.m.s.f.DefaultMavenResourcesFiltering - skip non existing resourceDirectory C:\Users\tanda\Documents\project\SpringDemo\src\test\resources
2025-03-17 17:12:27,444 [Worker-39: Building] INFO  o.a.m.s.f.DefaultMavenResourcesFiltering - skip non existing resourceDirectory C:\Users\tanda\Documents\project\SpringDemo\src\main\resources
2025-03-17 17:12:27,445 [Worker-39: Building] INFO  o.a.m.s.f.DefaultMavenResourcesFiltering - skip non existing resourceDirectory C:\Users\tanda\Documents\project\SpringDemo\src\test\resources
2025-03-17 17:15:11,186 [Worker-36: Launching App] INFO  o.a.m.s.f.DefaultMavenResourcesFiltering - skip non existing resourceDirectory C:\Users\tanda\Documents\project\SpringDemo\src\main\resources
2025-03-17 17:15:11,188 [Worker-36: Launching App] INFO  o.a.m.s.f.DefaultMavenResourcesFiltering - skip non existing resourceDirectory C:\Users\tanda\Documents\project\SpringDemo\src\test\resources
2025-03-17 17:15:31,834 [Worker-41: Launching App] INFO  o.a.m.s.f.DefaultMavenResourcesFiltering - skip non existing resourceDirectory C:\Users\tanda\Documents\project\SpringDemo\src\main\resources
2025-03-17 17:15:31,835 [Worker-41: Launching App] INFO  o.a.m.s.f.DefaultMavenResourcesFiltering - skip non existing resourceDirectory C:\Users\tanda\Documents\project\SpringDemo\src\test\resources
2025-03-17 17:16:08,552 [Worker-37: Launching App] INFO  o.a.m.s.f.DefaultMavenResourcesFiltering - skip non existing resourceDirectory C:\Users\tanda\Documents\project\SpringDemo\src\main\resources
2025-03-17 17:16:08,553 [Worker-37: Launching App] INFO  o.a.m.s.f.DefaultMavenResourcesFiltering - skip non existing resourceDirectory C:\Users\tanda\Documents\project\SpringDemo\src\test\resources
2025-03-17 17:18:12,964 [Worker-39: Launching App] INFO  o.a.m.s.f.DefaultMavenResourcesFiltering - skip non existing resourceDirectory C:\Users\tanda\Documents\project\SpringDemo\src\main\resources
2025-03-17 17:18:12,967 [Worker-39: Launching App] INFO  o.a.m.s.f.DefaultMavenResourcesFiltering - skip non existing resourceDirectory C:\Users\tanda\Documents\project\SpringDemo\src\test\resources
2025-03-17 17:19:25,411 [Worker-41: Launching App] INFO  o.a.m.s.f.DefaultMavenResourcesFiltering - skip non existing resourceDirectory C:\Users\tanda\Documents\project\SpringDemo\src\main\resources
2025-03-17 17:19:25,413 [Worker-41: Launching App] INFO  o.a.m.s.f.DefaultMavenResourcesFiltering - skip non existing resourceDirectory C:\Users\tanda\Documents\project\SpringDemo\src\test\resources
2025-03-17 17:25:25,865 [Worker-38: Launching App] INFO  o.a.m.s.f.DefaultMavenResourcesFiltering - skip non existing resourceDirectory C:\Users\tanda\Documents\project\SpringDemo\src\main\resources
2025-03-17 17:25:25,867 [Worker-38: Launching App] INFO  o.a.m.s.f.DefaultMavenResourcesFiltering - skip non existing resourceDirectory C:\Users\tanda\Documents\project\SpringDemo\src\test\resources
2025-03-17 17:25:36,305 [Worker-43: Launching App] INFO  o.a.m.s.f.DefaultMavenResourcesFiltering - skip non existing resourceDirectory C:\Users\tanda\Documents\project\SpringDemo\src\main\resources
2025-03-17 17:25:36,306 [Worker-43: Launching App] INFO  o.a.m.s.f.DefaultMavenResourcesFiltering - skip non existing resourceDirectory C:\Users\tanda\Documents\project\SpringDemo\src\test\resources
2025-03-17 17:27:03,724 [Worker-45: Launching App] INFO  o.a.m.s.f.DefaultMavenResourcesFiltering - skip non existing resourceDirectory C:\Users\tanda\Documents\project\SpringDemo\src\main\resources
2025-03-17 17:27:03,725 [Worker-45: Launching App] INFO  o.a.m.s.f.DefaultMavenResourcesFiltering - skip non existing resourceDirectory C:\Users\tanda\Documents\project\SpringDemo\src\test\resources
2025-03-17 17:28:08,860 [Worker-41: Launching App] INFO  o.a.m.s.f.DefaultMavenResourcesFiltering - skip non existing resourceDirectory C:\Users\tanda\Documents\project\SpringDemo\src\main\resources
2025-03-17 17:28:08,861 [Worker-41: Launching App] INFO  o.a.m.s.f.DefaultMavenResourcesFiltering - skip non existing resourceDirectory C:\Users\tanda\Documents\project\SpringDemo\src\test\resources
2025-03-17 17:30:18,480 [Worker-38: Building] INFO  o.a.m.s.f.DefaultMavenResourcesFiltering - Copying 0 resource from src\main\resources to target\classes
2025-03-17 17:30:18,482 [Worker-38: Building] INFO  o.a.m.s.f.DefaultMavenResourcesFiltering - skip non existing resourceDirectory C:\Users\tanda\Documents\project\SpringDemo\src\test\resources
2025-03-17 17:31:34,955 [Worker-46: Building] INFO  o.a.m.s.f.DefaultMavenResourcesFiltering - Copying 1 resource from src\main\resources to target\classes
2025-03-17 17:31:34,962 [Worker-46: Building] INFO  o.a.m.s.f.DefaultMavenResourcesFiltering - skip non existing resourceDirectory C:\Users\tanda\Documents\project\SpringDemo\src\test\resources
2025-03-17 17:32:10,103 [Worker-45: Launching App] INFO  o.a.m.s.f.DefaultMavenResourcesFiltering - Copying 1 resource from src\main\resources to target\classes
2025-03-17 17:32:10,107 [Worker-45: Launching App] INFO  o.a.m.s.f.DefaultMavenResourcesFiltering - skip non existing resourceDirectory C:\Users\tanda\Documents\project\SpringDemo\src\test\resources
2025-03-17 17:34:32,484 [Worker-47: Launching App] INFO  o.a.m.s.f.DefaultMavenResourcesFiltering - Copying 1 resource from src\main\resources to target\classes
2025-03-17 17:34:32,489 [Worker-47: Launching App] INFO  o.a.m.s.f.DefaultMavenResourcesFiltering - skip non existing resourceDirectory C:\Users\tanda\Documents\project\SpringDemo\src\test\resources
2025-03-17 17:35:38,801 [Worker-47: Launching App] INFO  o.a.m.s.f.DefaultMavenResourcesFiltering - Copying 1 resource from src\main\resources to target\classes
2025-03-17 17:35:38,806 [Worker-47: Launching App] INFO  o.a.m.s.f.DefaultMavenResourcesFiltering - skip non existing resourceDirectory C:\Users\tanda\Documents\project\SpringDemo\src\test\resources
2025-03-17 17:37:49,359 [Worker-38: Launching App] INFO  o.a.m.s.f.DefaultMavenResourcesFiltering - Copying 1 resource from src\main\resources to target\classes
2025-03-17 17:37:49,361 [Worker-38: Launching App] INFO  o.a.m.s.f.DefaultMavenResourcesFiltering - skip non existing resourceDirectory C:\Users\tanda\Documents\project\SpringDemo\src\test\resources
2025-03-17 17:38:30,220 [Worker-49: Launching App] INFO  o.a.m.s.f.DefaultMavenResourcesFiltering - Copying 1 resource from src\main\resources to target\classes
2025-03-17 17:38:30,223 [Worker-49: Launching App] INFO  o.a.m.s.f.DefaultMavenResourcesFiltering - skip non existing resourceDirectory C:\Users\tanda\Documents\project\SpringDemo\src\test\resources
2025-03-17 17:38:43,671 [Worker-46: Launching App] INFO  o.a.m.s.f.DefaultMavenResourcesFiltering - Copying 1 resource from src\main\resources to target\classes
2025-03-17 17:38:43,673 [Worker-46: Launching App] INFO  o.a.m.s.f.DefaultMavenResourcesFiltering - skip non existing resourceDirectory C:\Users\tanda\Documents\project\SpringDemo\src\test\resources
2025-03-17 18:52:42,635 [Worker-55: Launching App] INFO  o.a.m.s.f.DefaultMavenResourcesFiltering - Copying 1 resource from src\main\resources to target\classes
2025-03-17 18:52:42,644 [Worker-55: Launching App] INFO  o.a.m.s.f.DefaultMavenResourcesFiltering - skip non existing resourceDirectory C:\Users\tanda\Documents\project\SpringDemo\src\test\resources
2025-03-17 18:57:55,163 [Worker-56: Building] INFO  o.a.m.s.f.DefaultMavenResourcesFiltering - Copying 1 resource from src\main\resources to target\classes
2025-03-17 18:57:55,166 [Worker-56: Building] INFO  o.a.m.s.f.DefaultMavenResourcesFiltering - skip non existing resourceDirectory C:\Users\tanda\Documents\project\SpringDemo\src\test\resources
2025-03-17 18:58:28,836 [Worker-56: Building] INFO  o.a.m.s.f.DefaultMavenResourcesFiltering - Copying 1 resource from src\main\resources to target\classes
2025-03-17 18:58:28,840 [Worker-56: Building] INFO  o.a.m.s.f.DefaultMavenResourcesFiltering - skip non existing resourceDirectory C:\Users\tanda\Documents\project\SpringDemo\src\test\resources
2025-03-17 19:02:32,929 [Worker-56: Launching App] INFO  o.a.m.s.f.DefaultMavenResourcesFiltering - Copying 1 resource from src\main\resources to target\classes
2025-03-17 19:02:32,933 [Worker-56: Launching App] INFO  o.a.m.s.f.DefaultMavenResourcesFiltering - skip non existing resourceDirectory C:\Users\tanda\Documents\project\SpringDemo\src\test\resources
2025-03-17 19:02:47,868 [Worker-52: Launching App] INFO  o.a.m.s.f.DefaultMavenResourcesFiltering - Copying 1 resource from src\main\resources to target\classes
2025-03-17 19:02:47,872 [Worker-52: Launching App] INFO  o.a.m.s.f.DefaultMavenResourcesFiltering - skip non existing resourceDirectory C:\Users\tanda\Documents\project\SpringDemo\src\test\resources
2025-03-17 19:03:01,108 [Worker-59: Launching App] INFO  o.a.m.s.f.DefaultMavenResourcesFiltering - Copying 1 resource from src\main\resources to target\classes
2025-03-17 19:03:01,112 [Worker-59: Launching App] INFO  o.a.m.s.f.DefaultMavenResourcesFiltering - skip non existing resourceDirectory C:\Users\tanda\Documents\project\SpringDemo\src\test\resources
2025-03-17 19:03:38,737 [Worker-57: Launching App] INFO  o.a.m.s.f.DefaultMavenResourcesFiltering - Copying 1 resource from src\main\resources to target\classes
2025-03-17 19:03:38,739 [Worker-57: Launching App] INFO  o.a.m.s.f.DefaultMavenResourcesFiltering - skip non existing resourceDirectory C:\Users\tanda\Documents\project\SpringDemo\src\test\resources
2025-03-17 19:05:41,842 [Worker-56: Launching App] INFO  o.a.m.s.f.DefaultMavenResourcesFiltering - Copying 1 resource from src\main\resources to target\classes
2025-03-17 19:05:41,846 [Worker-56: Launching App] INFO  o.a.m.s.f.DefaultMavenResourcesFiltering - skip non existing resourceDirectory C:\Users\tanda\Documents\project\SpringDemo\src\test\resources
2025-03-17 19:06:26,960 [Worker-59: Launching App] INFO  o.a.m.s.f.DefaultMavenResourcesFiltering - Copying 1 resource from src\main\resources to target\classes
2025-03-17 19:06:26,964 [Worker-59: Launching App] INFO  o.a.m.s.f.DefaultMavenResourcesFiltering - skip non existing resourceDirectory C:\Users\tanda\Documents\project\SpringDemo\src\test\resources
2025-03-17 19:06:50,761 [Worker-52: Launching App] INFO  o.a.m.s.f.DefaultMavenResourcesFiltering - Copying 1 resource from src\main\resources to target\classes
2025-03-17 19:06:50,766 [Worker-52: Launching App] INFO  o.a.m.s.f.DefaultMavenResourcesFiltering - skip non existing resourceDirectory C:\Users\tanda\Documents\project\SpringDemo\src\test\resources
2025-03-17 19:08:43,108 [Worker-55: Launching App] INFO  o.a.m.s.f.DefaultMavenResourcesFiltering - Copying 1 resource from src\main\resources to target\classes
2025-03-17 19:08:43,112 [Worker-55: Launching App] INFO  o.a.m.s.f.DefaultMavenResourcesFiltering - skip non existing resourceDirectory C:\Users\tanda\Documents\project\SpringDemo\src\test\resources
2025-03-17 19:11:27,741 [Worker-50: Launching App] INFO  o.a.m.s.f.DefaultMavenResourcesFiltering - Copying 1 resource from src\main\resources to target\classes
2025-03-17 19:11:27,743 [Worker-50: Launching App] INFO  o.a.m.s.f.DefaultMavenResourcesFiltering - skip non existing resourceDirectory C:\Users\tanda\Documents\project\SpringDemo\src\test\resources
2025-03-17 19:13:15,968 [Worker-57: Launching App] INFO  o.a.m.s.f.DefaultMavenResourcesFiltering - Copying 1 resource from src\main\resources to target\classes
2025-03-17 19:13:15,972 [Worker-57: Launching App] INFO  o.a.m.s.f.DefaultMavenResourcesFiltering - skip non existing resourceDirectory C:\Users\tanda\Documents\project\SpringDemo\src\test\resources
2025-03-17 19:15:13,033 [Worker-52: Launching App] INFO  o.a.m.s.f.DefaultMavenResourcesFiltering - Copying 1 resource from src\main\resources to target\classes
2025-03-17 19:15:13,036 [Worker-52: Launching App] INFO  o.a.m.s.f.DefaultMavenResourcesFiltering - skip non existing resourceDirectory C:\Users\tanda\Documents\project\SpringDemo\src\test\resources
2025-03-17 19:15:45,537 [Worker-61: Launching App] INFO  o.a.m.s.f.DefaultMavenResourcesFiltering - Copying 1 resource from src\main\resources to target\classes
2025-03-17 19:15:45,540 [Worker-61: Launching App] INFO  o.a.m.s.f.DefaultMavenResourcesFiltering - skip non existing resourceDirectory C:\Users\tanda\Documents\project\SpringDemo\src\test\resources
2025-03-17 19:16:10,638 [Worker-61: Launching App] INFO  o.a.m.s.f.DefaultMavenResourcesFiltering - Copying 1 resource from src\main\resources to target\classes
2025-03-17 19:16:10,642 [Worker-61: Launching App] INFO  o.a.m.s.f.DefaultMavenResourcesFiltering - skip non existing resourceDirectory C:\Users\tanda\Documents\project\SpringDemo\src\test\resources
2025-03-17 19:16:38,006 [Worker-50: Launching App] INFO  o.a.m.s.f.DefaultMavenResourcesFiltering - Copying 1 resource from src\main\resources to target\classes
2025-03-17 19:16:38,010 [Worker-50: Launching App] INFO  o.a.m.s.f.DefaultMavenResourcesFiltering - skip non existing resourceDirectory C:\Users\tanda\Documents\project\SpringDemo\src\test\resources
2025-03-17 19:17:00,687 [Worker-50: Launching App] INFO  o.a.m.s.f.DefaultMavenResourcesFiltering - Copying 1 resource from src\main\resources to target\classes
2025-03-17 19:17:00,690 [Worker-50: Launching App] INFO  o.a.m.s.f.DefaultMavenResourcesFiltering - skip non existing resourceDirectory C:\Users\tanda\Documents\project\SpringDemo\src\test\resources
2025-03-17 19:17:21,463 [Worker-61: Launching App] INFO  o.a.m.s.f.DefaultMavenResourcesFiltering - Copying 1 resource from src\main\resources to target\classes
2025-03-17 19:17:21,466 [Worker-61: Launching App] INFO  o.a.m.s.f.DefaultMavenResourcesFiltering - skip non existing resourceDirectory C:\Users\tanda\Documents\project\SpringDemo\src\test\resources
2025-03-17 19:35:09,441 [Worker-61: Launching App] INFO  o.a.m.s.f.DefaultMavenResourcesFiltering - Copying 1 resource from src\main\resources to target\classes
2025-03-17 19:35:09,446 [Worker-61: Launching App] INFO  o.a.m.s.f.DefaultMavenResourcesFiltering - skip non existing resourceDirectory C:\Users\tanda\Documents\project\SpringDemo\src\test\resources
2025-03-17 19:37:26,994 [Worker-50: Launching App] INFO  o.a.m.s.f.DefaultMavenResourcesFiltering - Copying 1 resource from src\main\resources to target\classes
2025-03-17 19:37:26,998 [Worker-50: Launching App] INFO  o.a.m.s.f.DefaultMavenResourcesFiltering - skip non existing resourceDirectory C:\Users\tanda\Documents\project\SpringDemo\src\test\resources
